<?xml version="1.0" encoding="UTF-8"?>
<!-- Generated by org.testng.reporters.JUnitXMLReporter -->
<testsuite hostname="Abhishek" ignored="0" name="Default test" tests="3" failures="0" timestamp="21 Sep 2018 14:44:16 GMT" time="85.163" errors="0">
  <testcase name="Jenkins" time="38.684" classname="Demo_Jenkins.DemoJenkinsJob"/>
  <testcase name="Jenkins1" time="45.321" classname="Demo_Jenkins.DemoJenkinsJob"/>
  <testcase name="JenkinsEdge" time="0.002" classname="Demo_Jenkins.DemoJenkinsJob"/>
</testsuite> <!-- Default test -->
