<?xml version="1.0" encoding="UTF-8"?>
<!-- Generated by org.testng.reporters.JUnitXMLReporter -->
<testsuite hostname="Abhishek" ignored="0" name="Test" tests="1" failures="0" timestamp="13 Sep 2018 14:37:29 GMT" time="0.032" errors="0">
  <testcase name="@BeforeTest startReport" time="0.013" classname="Demo_Jenkins.DemoJenkinsJob2">
    <failure type="java.lang.NoClassDefFoundError" message="freemarker/template/TemplateModelException">
      <![CDATA[java.lang.NoClassDefFoundError: freemarker/template/TemplateModelException
at Demo_Jenkins.DemoJenkinsJob2.startReport(DemoJenkinsJob2.java:34)
Caused by: java.lang.ClassNotFoundException: freemarker.template.TemplateModelException
at java.net.URLClassLoader.findClass(Unknown Source)
at java.lang.ClassLoader.loadClass(Unknown Source)
at sun.misc.Launcher$AppClassLoader.loadClass(Unknown Source)
at java.lang.ClassLoader.loadClass(Unknown Source)
... 24 more
... Removed 23 stack frames]]>
    </failure>
  </testcase> <!-- @BeforeTest startReport -->
  <testcase name="@AfterMethod getResult" time="0.0" classname="Demo_Jenkins.DemoJenkinsJob2">
    <skipped/>
  </testcase> <!-- @AfterMethod getResult -->
  <testcase name="@AfterTest endReport" time="0.0" classname="Demo_Jenkins.DemoJenkinsJob2">
    <skipped/>
  </testcase> <!-- @AfterTest endReport -->
  <testcase name="testJenkins" time="0.0" classname="Demo_Jenkins.DemoJenkinsJob2">
    <skipped/>
  </testcase> <!-- testJenkins -->
</testsuite> <!-- Test -->
