<?xml version="1.0" encoding="UTF-8"?>
<!-- Generated by org.testng.reporters.JUnitXMLReporter -->
<testsuite hostname="Abhishek" ignored="0" name="Test" tests="5" failures="0" timestamp="21 Sep 2018 14:47:38 GMT" time="53.928" errors="0">
  <testcase name="JenkinsEdge" time="0.0" classname="Demo_Jenkins.DemoJenkinsJob"/>
  <testcase name="testJenkins2" time="31.909" classname="Demo_Jenkins.DemoJenkinsJob2"/>
  <testcase name="testJenkins" time="43.338" classname="Demo_Jenkins.DemoJenkinsJob2"/>
  <testcase name="Jenkins" time="44.186" classname="Demo_Jenkins.DemoJenkinsJob"/>
  <testcase name="Jenkins1" time="53.155" classname="Demo_Jenkins.DemoJenkinsJob"/>
</testsuite> <!-- Test -->
