<?xml version="1.0" encoding="UTF-8"?>
<testng-results skipped="0" failed="0" ignored="0" total="1" passed="1">
  <reporter-output>
  </reporter-output>
  <suite name="Default suite" duration-ms="19646" started-at="2018-04-02T17:41:23Z" finished-at="2018-04-02T17:41:43Z">
    <groups>
    </groups>
    <test name="Default test" duration-ms="19646" started-at="2018-04-02T17:41:23Z" finished-at="2018-04-02T17:41:43Z">
      <class name="Demo_Jenkins.DemoJenkinsJob">
        <test-method status="PASS" signature="Jenkins()[pri:0, instance:Demo_Jenkins.DemoJenkinsJob@27a5f880]" name="Jenkins" duration-ms="19623" started-at="2018-04-02T17:41:23Z" finished-at="2018-04-02T17:41:43Z">
          <reporter-output>
          </reporter-output>
        </test-method> <!-- Jenkins -->
      </class> <!-- Demo_Jenkins.DemoJenkinsJob -->
    </test> <!-- Default test -->
  </suite> <!-- Default suite -->
</testng-results>
